2021-05-04 15:45:12,249 reactivemongo.core.actors.MongoDBSystem - [DEBUG] [Supervisor-1/Connection-1] ConnectAll Job running... Status: {{NodeSet Some(globaldb) Node[test.mongo.cosmos.azure.com:10255: Primary<29842911428827ns> (10/10/10 available connections), latency=65ms, authenticated={test@test}] | Node[test-westeurope.mongo.cosmos.azure.com:10255: Primary<29844103519027ns> (10/10/10 available connections), latency=62ms, authenticated={test@test}] }}
2021-05-04 15:45:12,250 reactivemongo.core.actors.MongoDBSystem - [DEBUG] [Supervisor-1/Connection-1] RefreshAll Job running... Status: {{NodeSet Some(globaldb) Node[test-westeurope.mongo.cosmos.azure.com:10255: Primary<29844103519027ns> (10/10/10 available connections), latency=62ms, authenticated={test@test}] | Node[test.mongo.cosmos.azure.com:10255: Primary<29842911428827ns> (10/10/10 available connections), latency=65ms, authenticated={test@test}] }}
2021-05-04 15:45:12,250 reactivemongo.core.actors.MongoDBSystem - [TRACE] [Supervisor-1/Connection-1] Try to refresh test-westeurope.mongo.cosmos.azure.com:10255
2021-05-04 15:45:12,251 reactivemongo.core.actors.MongoDBSystem - [DEBUG] [Supervisor-1/Connection-1] Prepares a fresh IsMaster request to Node[test-westeurope.mongo.cosmos.azure.com:10255: Primary<29844103519027ns> (10/10/10 available connections), latency=62ms, authenticated={test@test}] (channel #e37c0cca@/XXX.XXX.XXX.XXX:40804)
2021-05-04 15:45:12,252 reactivemongo.core.actors.MongoDBSystem - [TRACE] [Supervisor-1/Connection-1] Try to refresh test.mongo.cosmos.azure.com:10255
2021-05-04 15:45:12,252 reactivemongo.core.protocol.MongoHandler - [TRACE] [Supervisor-1/Connection-1] Channel is requested to write (channel [id: 0xe37c0cca, L:/XXX.XXX.XXX.XXX:40804 - R:test-westeurope.mongo.cosmos.azure.com/ZZZ.ZZZ.ZZZ.ZZZ:10255])
2021-05-04 15:45:12,252 reactivemongo.core.actors.MongoDBSystem - [DEBUG] [Supervisor-1/Connection-1] Prepares a fresh IsMaster request to Node[test.mongo.cosmos.azure.com:10255: Primary<29842911428827ns> (10/10/10 available connections), latency=65ms, authenticated={test@test}] (channel #b5df89cb@/XXX.XXX.XXX.XXX:56878)
2021-05-04 15:45:12,253 reactivemongo.core.protocol.MongoHandler - [TRACE] [Supervisor-1/Connection-1] Channel is requested to write (channel [id: 0xb5df89cb, L:/XXX.XXX.XXX.XXX:56878 - R:test.mongo.cosmos.azure.com/YYY.YYY.YYY.YYY:10255])
2021-05-04 15:45:12,253 reactivemongo.core.actors.MongoDBSystem - [TRACE] [Supervisor-1/Connection-1] isMaster request to Node[test-westeurope.mongo.cosmos.azure.com:10255: Primary<29844103519027ns> (10/10/10 available connections), latency=62ms, authenticated={test@test}] successful on channel #e37c0cca
2021-05-04 15:45:12,254 reactivemongo.core.actors.MongoDBSystem - [TRACE] [Supervisor-1/Connection-1] isMaster request to Node[test.mongo.cosmos.azure.com:10255: Primary<29842911428827ns> (10/10/10 available connections), latency=65ms, authenticated={test@test}] successful on channel #b5df89cb
2021-05-04 15:45:12,313 reactivemongo.core.protocol.MongoHandler - [TRACE] [Supervisor-1/Connection-1] Channel received message Response(MessageHeader(598, 528521723, 25, 1), Reply(0,0,0,1), ResponseInfo(e37c0cca)); Will be send to akka://reactivemongo/user/Connection-1 (channel [id: 0xe37c0cca, L:/XXX.XXX.XXX.XXX:40804 - R:test-westeurope.mongo.cosmos.azure.com/ZZZ.ZZZ.ZZZ.ZZZ:10255])
2021-05-04 15:45:12,313 reactivemongo.core.protocol.MongoHandler - [TRACE] [Supervisor-1/Connection-1] Channel received message Response(MessageHeader(576, 1777731769, 26, 1), Reply(0,0,0,1), ResponseInfo(b5df89cb)); Will be send to akka://reactivemongo/user/Connection-1 (channel [id: 0xb5df89cb, L:/XXX.XXX.XXX.XXX:56878 - R:test.mongo.cosmos.azure.com/YYY.YYY.YYY.YYY:10255])
2021-05-04 15:45:12,315 reactivemongo.core.actors.MongoDBSystem - [TRACE] [Supervisor-1/Connection-1] IsMaster response document: reactivemongo.api.commands.IsMasterCommand$IsMasterResult@65210308
2021-05-04 15:45:12,317 reactivemongo.core.actors.MongoDBSystem - [TRACE] [Supervisor-1/Connection-1] Node refreshed from isMaster: Node[test-westeurope.mongo.cosmos.azure.com:10255: Primary<29844103519027ns> (10/10/10 available connections), latency=65ms, authenticated={test@test}]
2021-05-04 15:45:12,317 reactivemongo.core.actors.MongoDBSystem - [TRACE] [Supervisor-1/Connection-1] Discovered 0 nodes: [  ]
2021-05-04 15:45:12,319 reactivemongo.core.actors.MongoDBSystem - [TRACE] [Supervisor-1/Connection-1] IsMaster response document: reactivemongo.api.commands.IsMasterCommand$IsMasterResult@2189663c
2021-05-04 15:45:12,320 reactivemongo.core.actors.MongoDBSystem - [TRACE] [Supervisor-1/Connection-1] Node refreshed from isMaster: Node[test.mongo.cosmos.azure.com:10255: Primary<29842911428827ns> (10/10/10 available connections), latency=67ms, authenticated={test@test}]
2021-05-04 15:45:12,320 reactivemongo.core.actors.MongoDBSystem - [TRACE] [Supervisor-1/Connection-1] Discovered 0 nodes: [  ]
2021-05-04 15:45:13,427 reactivemongo.core.protocol.MongoHandler - [TRACE] [Supervisor-1/Connection-1] Channel has been inactive for 1113668259 (last = 29961475505959) (channel [id: 0xb5df89cb, L:/XXX.XXX.XXX.XXX:56878 - R:test.mongo.cosmos.azure.com/YYY.YYY.YYY.YYY:10255])
2021-05-04 15:45:13,429 reactivemongo.core.protocol.MongoHandler - [TRACE] [Supervisor-1/Connection-1] Channel has been inactive for 8505646494 (last = 29954085772454) (channel [id: 0x9b60d71c, L:/XXX.XXX.XXX.XXX:56880 - R:test.mongo.cosmos.azure.com/YYY.YYY.YYY.YYY:10255])
2021-05-04 15:45:13,437 reactivemongo.core.protocol.MongoHandler - [TRACE] [Supervisor-1/Connection-1] Channel is closed under 1123167488ns: test.mongo.cosmos.azure.com/YYY.YYY.YYY.YYY:10255 (channel [id: 0xb5df89cb, L:/XXX.XXX.XXX.XXX:56878 ! R:test.mongo.cosmos.azure.com/YYY.YYY.YYY.YYY:10255])
2021-05-04 15:45:13,437 reactivemongo.core.protocol.MongoHandler - [TRACE] [Supervisor-1/Connection-1] Channel is closed under 8512935765ns: test.mongo.cosmos.azure.com/YYY.YYY.YYY.YYY:10255 (channel [id: 0x9b60d71c, L:/XXX.XXX.XXX.XXX:56880 ! R:test.mongo.cosmos.azure.com/YYY.YYY.YYY.YYY:10255])
2021-05-04 15:45:13,442 reactivemongo.core.actors.MongoDBSystem - [TRACE] [Supervisor-1/Connection-1] Channel #b5df89cb is unavailable
2021-05-04 15:45:13,443 reactivemongo.core.actors.MongoDBSystem - [TRACE] [Supervisor-1/Connection-1] Unset the node status on disconnect (#b5df89cb)
2021-05-04 15:45:13,444 reactivemongo.core.actors.MongoDBSystem - [TRACE] [Supervisor-1/Connection-1] Channel #b5df89cb is released
2021-05-04 15:45:13,446 reactivemongo.core.actors.MongoDBSystem - [TRACE] [Supervisor-1/Connection-1] Channel #9b60d71c is unavailable
2021-05-04 15:45:13,446 reactivemongo.core.actors.MongoDBSystem - [TRACE] [Supervisor-1/Connection-1] Channel #9b60d71c is released
2021-05-04 15:45:14,753 reactivemongo.core.protocol.MongoHandler - [TRACE] [Supervisor-1/Connection-1] Channel has been inactive for 2440067577 (last = 29961475343973) (channel [id: 0xe37c0cca, L:/XXX.XXX.XXX.XXX:40804 - R:test-westeurope.mongo.cosmos.azure.com/ZZZ.ZZZ.ZZZ.ZZZ:10255])
2021-05-04 15:45:14,755 reactivemongo.core.protocol.MongoHandler - [TRACE] [Supervisor-1/Connection-1] Channel is closed under 2441437674ns: test-westeurope.mongo.cosmos.azure.com/ZZZ.ZZZ.ZZZ.ZZZ:10255 (channel [id: 0xe37c0cca, L:/XXX.XXX.XXX.XXX:40804 ! R:test-westeurope.mongo.cosmos.azure.com/ZZZ.ZZZ.ZZZ.ZZZ:10255])
2021-05-04 15:45:14,755 reactivemongo.core.actors.MongoDBSystem - [TRACE] [Supervisor-1/Connection-1] Channel #e37c0cca is unavailable
2021-05-04 15:45:14,756 reactivemongo.core.actors.MongoDBSystem - [TRACE] [Supervisor-1/Connection-1] Unset the node status on disconnect (#e37c0cca)
2021-05-04 15:45:14,758 reactivemongo.core.actors.MongoDBSystem - [WARN] [Supervisor-1/Connection-1] The entire node set is unreachable, is there a network problem?
2021-05-04 15:45:14,758 reactivemongo.core.actors.MongoDBSystem - [TRACE] [Supervisor-1/Connection-1] Channel #e37c0cca is released
2021-05-04 15:45:14,759 reactivemongo.api.MongoConnection - [DEBUG] [Supervisor-1/Connection-1] There is no primary available
2021-05-04 15:45:14,760 reactivemongo.api.MongoConnection - [DEBUG] [Supervisor-1/Connection-1] No node seems to be available
2021-05-04 15:45:14,765 reactivemongo.core.protocol.MongoHandler - [TRACE] [Supervisor-1/Connection-1] Channel has been inactive for 19911712388 (last = 29944015745316) (channel [id: 0xd8f9746a, L:/XXX.XXX.XXX.XXX:40806 - R:test-westeurope.mongo.cosmos.azure.com/ZZZ.ZZZ.ZZZ.ZZZ:10255])
2021-05-04 15:45:14,766 reactivemongo.core.protocol.MongoHandler - [TRACE] [Supervisor-1/Connection-1] Channel is closed under 19912941778ns: test-westeurope.mongo.cosmos.azure.com/ZZZ.ZZZ.ZZZ.ZZZ:10255 (channel [id: 0xd8f9746a, L:/XXX.XXX.XXX.XXX:40806 ! R:test-westeurope.mongo.cosmos.azure.com/ZZZ.ZZZ.ZZZ.ZZZ:10255])
2021-05-04 15:45:14,767 reactivemongo.core.actors.MongoDBSystem - [TRACE] [Supervisor-1/Connection-1] Channel #d8f9746a is unavailable
2021-05-04 15:45:14,768 reactivemongo.core.actors.MongoDBSystem - [DEBUG] [Supervisor-1/Connection-1] The entire node set is still unreachable, is there a network problem?
2021-05-04 15:45:14,769 reactivemongo.core.actors.MongoDBSystem - [TRACE] [Supervisor-1/Connection-1] Channel #d8f9746a is released
2021-05-04 15:45:14,927 reactivemongo.core.actors.MongoDBSystem - [DEBUG] [Supervisor-1/Connection-1] Received a request expecting a response (3012): reactivemongo.core.actors.ExpectingResponse@42e4ead
2021-05-04 15:45:14,932 reactivemongo.core.actors.MongoDBSystem - [TRACE] [Supervisor-1/Connection-1] No channel for request: Request(3012, 0, Query(0,shipment.$cmd,0,1), Primary, None)
2021-05-04 15:45:14,936 reactivemongo.api.Failover - [TRACE] [Supervisor-1/Connection-1] Got an error, retrying... (try #1 is scheduled in 125 ms)
reactivemongo.core.actors.Exceptions$PrimaryUnavailableException: MongoError['No primary node is available! (Supervisor-1/Connection-1)']
Caused by: reactivemongo.core.actors.Exceptions$InternalState: 
	at reactivemongo.ChannelDisconnected(d8f9746a, {{NodeSet Some(globaldb) Node[test-westeurope.mongo.cosmos.azure.com:10255: Unknown<29963918173386ns> (10/10/10 available connections), latency=65ms, authenticated={test@test}] | Node[test.mongo.cosmos.azure.com:10255: Unknown<29962605611545ns> (9/9/10 available connections), latency=67ms, authenticated={test@test}] }})(<time:29963931050560>)
	at reactivemongo.ChannelDisconnected(e37c0cca, {{NodeSet Some(globaldb) Node[test-westeurope.mongo.cosmos.azure.com:10255: Primary<29844103519027ns> (10/10/10 available connections), latency=65ms, authenticated={test@test}] | Node[test.mongo.cosmos.azure.com:10255: Unknown<29962605611545ns> (9/9/10 available connections), latency=67ms, authenticated={test@test}] }})(<time:29963920743742>)
	at reactivemongo.SetUnavailable({{NodeSet Some(globaldb) Node[test-westeurope.mongo.cosmos.azure.com:10255: Unknown<29963918173386ns> (10/10/10 available connections), latency=65ms, authenticated={test@test}] | Node[test.mongo.cosmos.azure.com:10255: Unknown<29962605611545ns> (9/9/10 available connections), latency=67ms, authenticated={test@test}] }})(<time:29963920614115>)
	at reactivemongo.ChannelDisconnected(9b60d71c, {{NodeSet Some(globaldb) Node[test-westeurope.mongo.cosmos.azure.com:10255: Primary<29844103519027ns> (10/10/10 available connections), latency=65ms, authenticated={test@test}] | Node[test.mongo.cosmos.azure.com:10255: Unknown<29962605611545ns> (10/10/10 available connections), latency=67ms, authenticated={test@test}] }})(<time:29962608594688>)
	at reactivemongo.ChannelDisconnected(b5df89cb, {{NodeSet Some(globaldb) Node[test-westeurope.mongo.cosmos.azure.com:10255: Primary<29844103519027ns> (10/10/10 available connections), latency=65ms, authenticated={test@test}] | Node[test.mongo.cosmos.azure.com:10255: Primary<29842911428827ns> (10/10/10 available connections), latency=67ms, authenticated={test@test}] }})(<time:29962606663326>)
	at reactivemongo.ConnectAll$IsMaster(26, {{NodeSet Some(globaldb) Node[test.mongo.cosmos.azure.com:10255: Primary<29842911428827ns> (10/10/10 available connections), latency=67ms, authenticated={test@test}] | Node[test-westeurope.mongo.cosmos.azure.com:10255: Primary<29844103519027ns> (10/10/10 available connections), latency=65ms, authenticated={test@test}] }})(<time:29961483363552>)
	at reactivemongo.IsMaster(true, 26, {{NodeSet Some(globaldb) Node[test.mongo.cosmos.azure.com:10255: Primary<29842911428827ns> (10/10/10 available connections), latency=29961s, authenticated={test@test}] | Node[test-westeurope.mongo.cosmos.azure.com:10255: Primary<29844103519027ns> (10/10/10 available connections), latency=65ms, authenticated={test@test}] }})(<time:29961482798899>)
	at reactivemongo.ConnectAll$IsMaster(25, {{NodeSet Some(globaldb) Node[test-westeurope.mongo.cosmos.azure.com:10255: Primary<29844103519027ns> (10/10/10 available connections), latency=65ms, authenticated={test@test}] | Node[test.mongo.cosmos.azure.com:10255: Primary<29842911428827ns> (10/10/10 available connections), latency=29961s, authenticated={test@test}] }})(<time:29961480497280>)
	at reactivemongo.IsMaster(true, 25, {{NodeSet Some(globaldb) Node[test-westeurope.mongo.cosmos.azure.com:10255: Primary<29844103519027ns> (10/10/10 available connections), latency=29961s, authenticated={test@test}] | Node[test.mongo.cosmos.azure.com:10255: Primary<29842911428827ns> (10/10/10 available connections), latency=29961s, authenticated={test@test}] }})(<time:29961480026380>)
	at reactivemongo.RefreshAll({{NodeSet Some(globaldb) Node[test-westeurope.mongo.cosmos.azure.com:10255: Primary<29844103519027ns> (10/10/10 available connections), latency=62ms, authenticated={test@test}] | Node[test.mongo.cosmos.azure.com:10255: Primary<29842911428827ns> (10/10/10 available connections), latency=65ms, authenticated={test@test}] }})(<time:29961414987319>)
	at reactivemongo.ConnectAll({{NodeSet Some(globaldb) Node[test.mongo.cosmos.azure.com:10255: Primary<29842911428827ns> (10/10/10 available connections), latency=65ms, authenticated={test@test}] | Node[test-westeurope.mongo.cosmos.azure.com:10255: Primary<29844103519027ns> (10/10/10 available connections), latency=62ms, authenticated={test@test}] }})(<time:29961411510452>)
	at reactivemongo.ConnectAll$IsMaster(24, {{NodeSet Some(globaldb) Node[test-westeurope.mongo.cosmos.azure.com:10255: Primary<29844103519027ns> (10/10/10 available connections), latency=62ms, authenticated={test@test}] | Node[test.mongo.cosmos.azure.com:10255: Primary<29842911428827ns> (10/10/10 available connections), latency=65ms, authenticated={test@test}] }})(<time:29951479963952>)
	at reactivemongo.IsMaster(true, 24, {{NodeSet Some(globaldb) Node[test-westeurope.mongo.cosmos.azure.com:10255: Primary<29844103519027ns> (10/10/10 available connections), latency=62ms, authenticated={test@test}] | Node[test.mongo.cosmos.azure.com:10255: Primary<29842911428827ns> (10/10/10 available connections), latency=29951s, authenticated={test@test}] }})(<time:29951479448382>)
	at reactivemongo.ConnectAll$IsMaster(23, {{NodeSet Some(globaldb) Node[test.mongo.cosmos.azure.com:10255: Primary<29842911428827ns> (10/10/10 available connections), latency=29951s, authenticated={test@test}] | Node[test-westeurope.mongo.cosmos.azure.com:10255: Primary<29844103519027ns> (10/10/10 available connections), latency=62ms, authenticated={test@test}] }})(<time:29951475658025>)
	at reactivemongo.IsMaster(true, 23, {{NodeSet Some(globaldb) Node[test.mongo.cosmos.azure.com:10255: Primary<29842911428827ns> (10/10/10 available connections), latency=29951s, authenticated={test@test}] | Node[test-westeurope.mongo.cosmos.azure.com:10255: Primary<29844103519027ns> (10/10/10 available connections), latency=29951s, authenticated={test@test}] }})(<time:29951475062380>)
	at reactivemongo.ConnectAll({{NodeSet Some(globaldb) Node[test-westeurope.mongo.cosmos.azure.com:10255: Primary<29844103519027ns> (10/10/10 available connections), latency=29951s, authenticated={test@test}] | Node[test.mongo.cosmos.azure.com:10255: Primary<29842911428827ns> (10/10/10 available connections), latency=29951s, authenticated={test@test}] }})(<time:29951414617026>)
	at reactivemongo.RefreshAll({{NodeSet Some(globaldb) Node[test-westeurope.mongo.cosmos.azure.com:10255: Primary<29844103519027ns> (10/10/10 available connections), latency=63ms, authenticated={test@test}] | Node[test.mongo.cosmos.azure.com:10255: Primary<29842911428827ns> (10/10/10 available connections), latency=59ms, authenticated={test@test}] }})(<time:29951412843114>)
	at reactivemongo.ConnectAll$IsMaster(22, {{NodeSet Some(globaldb) Node[test.mongo.cosmos.azure.com:10255: Primary<29842911428827ns> (10/10/10 available connections), latency=59ms, authenticated={test@test}] | Node[test-westeurope.mongo.cosmos.azure.com:10255: Primary<29844103519027ns> (10/10/10 available connections), latency=63ms, authenticated={test@test}] }})(<time:29941475492253>)
	at reactivemongo.IsMaster(true, 22, {{NodeSet Some(globaldb) Node[test.mongo.cosmos.azure.com:10255: Primary<29842911428827ns> (10/10/10 available connections), latency=59ms, authenticated={test@test}] | Node[test-westeurope.mongo.cosmos.azure.com:10255: Primary<29844103519027ns> (10/10/10 available connections), latency=29941s, authenticated={test@test}] }})(<time:29941474987693>)
	at reactivemongo.ConnectAll$IsMaster(21, {{NodeSet Some(globaldb) Node[test-westeurope.mongo.cosmos.azure.com:10255: Primary<29844103519027ns> (10/10/10 available connections), latency=29941s, authenticated={test@test}] | Node[test.mongo.cosmos.azure.com:10255: Primary<29842911428827ns> (10/10/10 available connections), latency=59ms, authenticated={test@test}] }})(<time:29941472305304>)
	at reactivemongo.IsMaster(true, 21, {{NodeSet Some(globaldb) Node[test-westeurope.mongo.cosmos.azure.com:10255: Primary<29844103519027ns> (10/10/10 available connections), latency=29941s, authenticated={test@test}] | Node[test.mongo.cosmos.azure.com:10255: Primary<29842911428827ns> (10/10/10 available connections), latency=29941s, authenticated={test@test}] }})(<time:29941471762365>)
	at reactivemongo.ConnectAll({{NodeSet Some(globaldb) Node[test.mongo.cosmos.azure.com:10255: Primary<29842911428827ns> (10/10/10 available connections), latency=29941s, authenticated={test@test}] | Node[test-westeurope.mongo.cosmos.azure.com:10255: Primary<29844103519027ns> (10/10/10 available connections), latency=29941s, authenticated={test@test}] }})(<time:29941411363238>)
	at reactivemongo.RefreshAll({{NodeSet Some(globaldb) Node[test.mongo.cosmos.azure.com:10255: Primary<29842911428827ns> (10/10/10 available connections), latency=58ms, authenticated={test@test}] | Node[test-westeurope.mongo.cosmos.azure.com:10255: Primary<29844103519027ns> (10/10/10 available connections), latency=62ms, authenticated={test@test}] }})(<time:29941410704935>)
	at reactivemongo.ConnectAll$IsMaster(20, {{NodeSet Some(globaldb) Node[test-westeurope.mongo.cosmos.azure.com:10255: Primary<29844103519027ns> (10/10/10 available connections), latency=62ms, authenticated={test@test}] | Node[test.mongo.cosmos.azure.com:10255: Primary<29842911428827ns> (10/10/10 available connections), latency=58ms, authenticated={test@test}] }})(<time:29931478677550>)
	at reactivemongo.IsMaster(true, 20, {{NodeSet Some(globaldb) Node[test-westeurope.mongo.cosmos.azure.com:10255: Primary<29844103519027ns> (10/10/10 available connections), latency=29931s, authenticated={test@test}] | Node[test.mongo.cosmos.azure.com:10255: Primary<29842911428827ns> (10/10/10 available connections), latency=58ms, authenticated={test@test}] }})(<time:29931478080524>)
2021-05-04 15:45:15,088 reactivemongo.core.actors.MongoDBSystem - [DEBUG] [Supervisor-1/Connection-1] Received a request expecting a response (3013): reactivemongo.core.actors.ExpectingResponse@42e4ead
2021-05-04 15:45:15,088 reactivemongo.core.actors.MongoDBSystem - [TRACE] [Supervisor-1/Connection-1] No channel for request: Request(3013, 0, Query(0,shipment.$cmd,0,1), Primary, None)
2021-05-04 15:45:15,089 reactivemongo.api.Failover - [TRACE] [Supervisor-1/Connection-1] Got an error, retrying... (try #2 is scheduled in 250 ms)
reactivemongo.core.actors.Exceptions$PrimaryUnavailableException: MongoError['No primary node is available! (Supervisor-1/Connection-1)']
Caused by: reactivemongo.core.actors.Exceptions$InternalState: 
	at reactivemongo.ChannelDisconnected(d8f9746a, {{NodeSet Some(globaldb) Node[test-westeurope.mongo.cosmos.azure.com:10255: Unknown<29963918173386ns> (10/10/10 available connections), latency=65ms, authenticated={test@test}] | Node[test.mongo.cosmos.azure.com:10255: Unknown<29962605611545ns> (9/9/10 available connections), latency=67ms, authenticated={test@test}] }})(<time:29963931050560>)
	at reactivemongo.ChannelDisconnected(e37c0cca, {{NodeSet Some(globaldb) Node[test-westeurope.mongo.cosmos.azure.com:10255: Primary<29844103519027ns> (10/10/10 available connections), latency=65ms, authenticated={test@test}] | Node[test.mongo.cosmos.azure.com:10255: Unknown<29962605611545ns> (9/9/10 available connections), latency=67ms, authenticated={test@test}] }})(<time:29963920743742>)
	at reactivemongo.SetUnavailable({{NodeSet Some(globaldb) Node[test-westeurope.mongo.cosmos.azure.com:10255: Unknown<29963918173386ns> (10/10/10 available connections), latency=65ms, authenticated={test@test}] | Node[test.mongo.cosmos.azure.com:10255: Unknown<29962605611545ns> (9/9/10 available connections), latency=67ms, authenticated={test@test}] }})(<time:29963920614115>)
	at reactivemongo.ChannelDisconnected(9b60d71c, {{NodeSet Some(globaldb) Node[test-westeurope.mongo.cosmos.azure.com:10255: Primary<29844103519027ns> (10/10/10 available connections), latency=65ms, authenticated={test@test}] | Node[test.mongo.cosmos.azure.com:10255: Unknown<29962605611545ns> (10/10/10 available connections), latency=67ms, authenticated={test@test}] }})(<time:29962608594688>)
	at reactivemongo.ChannelDisconnected(b5df89cb, {{NodeSet Some(globaldb) Node[test-westeurope.mongo.cosmos.azure.com:10255: Primary<29844103519027ns> (10/10/10 available connections), latency=65ms, authenticated={test@test}] | Node[test.mongo.cosmos.azure.com:10255: Primary<29842911428827ns> (10/10/10 available connections), latency=67ms, authenticated={test@test}] }})(<time:29962606663326>)
	at reactivemongo.ConnectAll$IsMaster(26, {{NodeSet Some(globaldb) Node[test.mongo.cosmos.azure.com:10255: Primary<29842911428827ns> (10/10/10 available connections), latency=67ms, authenticated={test@test}] | Node[test-westeurope.mongo.cosmos.azure.com:10255: Primary<29844103519027ns> (10/10/10 available connections), latency=65ms, authenticated={test@test}] }})(<time:29961483363552>)
	at reactivemongo.IsMaster(true, 26, {{NodeSet Some(globaldb) Node[test.mongo.cosmos.azure.com:10255: Primary<29842911428827ns> (10/10/10 available connections), latency=29961s, authenticated={test@test}] | Node[test-westeurope.mongo.cosmos.azure.com:10255: Primary<29844103519027ns> (10/10/10 available connections), latency=65ms, authenticated={test@test}] }})(<time:29961482798899>)
	at reactivemongo.ConnectAll$IsMaster(25, {{NodeSet Some(globaldb) Node[test-westeurope.mongo.cosmos.azure.com:10255: Primary<29844103519027ns> (10/10/10 available connections), latency=65ms, authenticated={test@test}] | Node[test.mongo.cosmos.azure.com:10255: Primary<29842911428827ns> (10/10/10 available connections), latency=29961s, authenticated={test@test}] }})(<time:29961480497280>)
	at reactivemongo.IsMaster(true, 25, {{NodeSet Some(globaldb) Node[test-westeurope.mongo.cosmos.azure.com:10255: Primary<29844103519027ns> (10/10/10 available connections), latency=29961s, authenticated={test@test}] | Node[test.mongo.cosmos.azure.com:10255: Primary<29842911428827ns> (10/10/10 available connections), latency=29961s, authenticated={test@test}] }})(<time:29961480026380>)
	at reactivemongo.RefreshAll({{NodeSet Some(globaldb) Node[test-westeurope.mongo.cosmos.azure.com:10255: Primary<29844103519027ns> (10/10/10 available connections), latency=62ms, authenticated={test@test}] | Node[test.mongo.cosmos.azure.com:10255: Primary<29842911428827ns> (10/10/10 available connections), latency=65ms, authenticated={test@test}] }})(<time:29961414987319>)
	at reactivemongo.ConnectAll({{NodeSet Some(globaldb) Node[test.mongo.cosmos.azure.com:10255: Primary<29842911428827ns> (10/10/10 available connections), latency=65ms, authenticated={test@test}] | Node[test-westeurope.mongo.cosmos.azure.com:10255: Primary<29844103519027ns> (10/10/10 available connections), latency=62ms, authenticated={test@test}] }})(<time:29961411510452>)
	at reactivemongo.ConnectAll$IsMaster(24, {{NodeSet Some(globaldb) Node[test-westeurope.mongo.cosmos.azure.com:10255: Primary<29844103519027ns> (10/10/10 available connections), latency=62ms, authenticated={test@test}] | Node[test.mongo.cosmos.azure.com:10255: Primary<29842911428827ns> (10/10/10 available connections), latency=65ms, authenticated={test@test}] }})(<time:29951479963952>)
	at reactivemongo.IsMaster(true, 24, {{NodeSet Some(globaldb) Node[test-westeurope.mongo.cosmos.azure.com:10255: Primary<29844103519027ns> (10/10/10 available connections), latency=62ms, authenticated={test@test}] | Node[test.mongo.cosmos.azure.com:10255: Primary<29842911428827ns> (10/10/10 available connections), latency=29951s, authenticated={test@test}] }})(<time:29951479448382>)
	at reactivemongo.ConnectAll$IsMaster(23, {{NodeSet Some(globaldb) Node[test.mongo.cosmos.azure.com:10255: Primary<29842911428827ns> (10/10/10 available connections), latency=29951s, authenticated={test@test}] | Node[test-westeurope.mongo.cosmos.azure.com:10255: Primary<29844103519027ns> (10/10/10 available connections), latency=62ms, authenticated={test@test}] }})(<time:29951475658025>)
	at reactivemongo.IsMaster(true, 23, {{NodeSet Some(globaldb) Node[test.mongo.cosmos.azure.com:10255: Primary<29842911428827ns> (10/10/10 available connections), latency=29951s, authenticated={test@test}] | Node[test-westeurope.mongo.cosmos.azure.com:10255: Primary<29844103519027ns> (10/10/10 available connections), latency=29951s, authenticated={test@test}] }})(<time:29951475062380>)
	at reactivemongo.ConnectAll({{NodeSet Some(globaldb) Node[test-westeurope.mongo.cosmos.azure.com:10255: Primary<29844103519027ns> (10/10/10 available connections), latency=29951s, authenticated={test@test}] | Node[test.mongo.cosmos.azure.com:10255: Primary<29842911428827ns> (10/10/10 available connections), latency=29951s, authenticated={test@test}] }})(<time:29951414617026>)
	at reactivemongo.RefreshAll({{NodeSet Some(globaldb) Node[test-westeurope.mongo.cosmos.azure.com:10255: Primary<29844103519027ns> (10/10/10 available connections), latency=63ms, authenticated={test@test}] | Node[test.mongo.cosmos.azure.com:10255: Primary<29842911428827ns> (10/10/10 available connections), latency=59ms, authenticated={test@test}] }})(<time:29951412843114>)
	at reactivemongo.ConnectAll$IsMaster(22, {{NodeSet Some(globaldb) Node[test.mongo.cosmos.azure.com:10255: Primary<29842911428827ns> (10/10/10 available connections), latency=59ms, authenticated={test@test}] | Node[test-westeurope.mongo.cosmos.azure.com:10255: Primary<29844103519027ns> (10/10/10 available connections), latency=63ms, authenticated={test@test}] }})(<time:29941475492253>)
	at reactivemongo.IsMaster(true, 22, {{NodeSet Some(globaldb) Node[test.mongo.cosmos.azure.com:10255: Primary<29842911428827ns> (10/10/10 available connections), latency=59ms, authenticated={test@test}] | Node[test-westeurope.mongo.cosmos.azure.com:10255: Primary<29844103519027ns> (10/10/10 available connections), latency=29941s, authenticated={test@test}] }})(<time:29941474987693>)
	at reactivemongo.ConnectAll$IsMaster(21, {{NodeSet Some(globaldb) Node[test-westeurope.mongo.cosmos.azure.com:10255: Primary<29844103519027ns> (10/10/10 available connections), latency=29941s, authenticated={test@test}] | Node[test.mongo.cosmos.azure.com:10255: Primary<29842911428827ns> (10/10/10 available connections), latency=59ms, authenticated={test@test}] }})(<time:29941472305304>)
	at reactivemongo.IsMaster(true, 21, {{NodeSet Some(globaldb) Node[test-westeurope.mongo.cosmos.azure.com:10255: Primary<29844103519027ns> (10/10/10 available connections), latency=29941s, authenticated={test@test}] | Node[test.mongo.cosmos.azure.com:10255: Primary<29842911428827ns> (10/10/10 available connections), latency=29941s, authenticated={test@test}] }})(<time:29941471762365>)
	at reactivemongo.ConnectAll({{NodeSet Some(globaldb) Node[test.mongo.cosmos.azure.com:10255: Primary<29842911428827ns> (10/10/10 available connections), latency=29941s, authenticated={test@test}] | Node[test-westeurope.mongo.cosmos.azure.com:10255: Primary<29844103519027ns> (10/10/10 available connections), latency=29941s, authenticated={test@test}] }})(<time:29941411363238>)
	at reactivemongo.RefreshAll({{NodeSet Some(globaldb) Node[test.mongo.cosmos.azure.com:10255: Primary<29842911428827ns> (10/10/10 available connections), latency=58ms, authenticated={test@test}] | Node[test-westeurope.mongo.cosmos.azure.com:10255: Primary<29844103519027ns> (10/10/10 available connections), latency=62ms, authenticated={test@test}] }})(<time:29941410704935>)
	at reactivemongo.ConnectAll$IsMaster(20, {{NodeSet Some(globaldb) Node[test-westeurope.mongo.cosmos.azure.com:10255: Primary<29844103519027ns> (10/10/10 available connections), latency=62ms, authenticated={test@test}] | Node[test.mongo.cosmos.azure.com:10255: Primary<29842911428827ns> (10/10/10 available connections), latency=58ms, authenticated={test@test}] }})(<time:29931478677550>)
	at reactivemongo.IsMaster(true, 20, {{NodeSet Some(globaldb) Node[test-westeurope.mongo.cosmos.azure.com:10255: Primary<29844103519027ns> (10/10/10 available connections), latency=29931s, authenticated={test@test}] | Node[test.mongo.cosmos.azure.com:10255: Primary<29842911428827ns> (10/10/10 available connections), latency=58ms, authenticated={test@test}] }})(<time:29931478080524>)
2021-05-04 15:45:15,357 reactivemongo.core.actors.MongoDBSystem - [DEBUG] [Supervisor-1/Connection-1] Received a request expecting a response (3014): reactivemongo.core.actors.ExpectingResponse@42e4ead
2021-05-04 15:45:15,357 reactivemongo.core.actors.MongoDBSystem - [TRACE] [Supervisor-1/Connection-1] No channel for request: Request(3014, 0, Query(0,shipment.$cmd,0,1), Primary, None)
2021-05-04 15:45:15,358 reactivemongo.api.Failover - [TRACE] [Supervisor-1/Connection-1] Got an error, retrying... (try #3 is scheduled in 375 ms)